<html>
<head>
<title>TestNG:  Default test</title>
<link href="../testng.css" rel="stylesheet" type="text/css" />
<link href="../my-testng.css" rel="stylesheet" type="text/css" />

<style type="text/css">
.log { display: none;} 
.stack-trace { display: none;} 
</style>
<script type="text/javascript">
<!--
function flip(e) {
  current = e.style.display;
  if (current == 'block') {
    e.style.display = 'none';
    return 0;
  }
  else {
    e.style.display = 'block';
    return 1;
  }
}

function toggleBox(szDivId, elem, msg1, msg2)
{
  var res = -1;  if (document.getElementById) {
    res = flip(document.getElementById(szDivId));
  }
  else if (document.all) {
    // this is the way old msie versions work
    res = flip(document.all[szDivId]);
  }
  if(elem) {
    if(res == 0) elem.innerHTML = msg1; else elem.innerHTML = msg2;
  }

}

function toggleAllBoxes() {
  if (document.getElementsByTagName) {
    d = document.getElementsByTagName('div');
    for (i = 0; i < d.length; i++) {
      if (d[i].className == 'log') {
        flip(d[i]);
      }
    }
  }
}

// -->
</script>

</head>
<body>
<h2 align='center'>Default test</h2><table border='1' align="center">
<tr>
<td>Tests passed/Failed/Skipped:</td><td>0/0/1</td>
</tr><tr>
<<<<<<< HEAD
<td>Started on:</td><td>Tue Mar 16 13:20:35 IST 2021</td>
</tr>
<tr><td>Total time:</td><td>9 seconds (9611 ms)</td>
=======
<td>Started on:</td><td>Mon Mar 15 16:52:33 IST 2021</td>
</tr>
<tr><td>Total time:</td><td>8 seconds (8538 ms)</td>
>>>>>>> Dev
</tr><tr>
<td>Included groups:</td><td></td>
</tr><tr>
<td>Excluded groups:</td><td></td>
</tr>
</table><p/>
<small><i>(Hover the method name to see the test class name)</i></small><p/>
<table width='100%' border='1' class='invocation-failed'>
<tr><td colspan='4' align='center'><b>FAILED CONFIGURATIONS</b></td></tr>
<tr><td><b>Test method</b></td>
<td width="30%"><b>Exception</b></td>
<td width="10%"><b>Time (seconds)</b></td>
<td><b>Instance</b></td>
</tr>
<tr>
<<<<<<< HEAD
<td title='com.web.HybrisAutomation.ReservationScripts.Hybris_Reservations_BiWeeklyPricing_SkipPayfone_SkipIDV_PromoApplied_Paypal.beforeClass()'><b>beforeClass</b><br>Test class: com.web.HybrisAutomation.ReservationScripts.Hybris_Reservations_BiWeeklyPricing_SkipPayfone_SkipIDV_PromoApplied_Paypal</td>
=======
<td title='com.web.HybrisAutomation.ReservationScripts.Hybris_Reservations_MonthlyPricing.beforeClass()'><b>beforeClass</b><br>Test class: com.web.HybrisAutomation.ReservationScripts.Hybris_Reservations_MonthlyPricing</td>
>>>>>>> Dev
<td><div><pre>java.lang.AssertionError: Unknown Environment :breakfix
	at org.testng.Assert.fail(Assert.java:94)
	at com.web.automation.utilities.ConfigManager.UpdateProperties(ConfigManager.java:103)
	at com.web.automation.accelerators.TestEngineWeb.beforeClass(TestEngineWeb.java:822)
	at sun.reflect.NativeMethodAccessorImpl.invoke0(Native Method)
	at sun.reflect.NativeMethodAccessorImpl.invoke(Unknown Source)
	at sun.reflect.DelegatingMethodAccessorImpl.invoke(Unknown Source)
	at java.lang.reflect.Method.invoke(Unknown Source)
	at org.testng.internal.MethodInvocationHelper.invokeMethod(MethodInvocationHelper.java:86)
	at org.testng.internal.Invoker.invokeConfigurationMethod(Invoker.java:514)
	at org.testng.internal.Invoker.invokeConfigurations(Invoker.java:215)
	at org.testng.internal.Invoker.invokeConfigurations(Invoker.java:142)
	at org.testng.internal.TestMethodWorker.invokeBeforeClassMethods(TestMethodWorker.java:178)
	at org.testng.internal.TestMethodWorker.run(TestMethodWorker.java:108)
	at org.testng.TestRunner.privateRun(TestRunner.java:782)
	at org.testng.TestRunner.run(TestRunner.java:632)
	at org.testng.SuiteRunner.runTest(SuiteRunner.java:366)
	at org.testng.SuiteRunner.runSequentially(SuiteRunner.java:361)
	at org.testng.SuiteRunner.privateRun(SuiteRunner.java:319)
	at org.testng.SuiteRunner.run(SuiteRunner.java:268)
	at org.testng.SuiteRunnerWorker.runSuite(SuiteRunnerWorker.java:52)
	at org.testng.SuiteRunnerWorker.run(SuiteRunnerWorker.java:86)
	at org.testng.TestNG.runSuitesSequentially(TestNG.java:1244)
	at org.testng.TestNG.runSuitesLocally(TestNG.java:1169)
	at org.testng.TestNG.run(TestNG.java:1064)
	at org.testng.remote.AbstractRemoteTestNG.run(AbstractRemoteTestNG.java:115)
	at org.testng.remote.RemoteTestNG.initAndRun(RemoteTestNG.java:251)
	at org.testng.remote.RemoteTestNG.main(RemoteTestNG.java:77)
</pre></div><a href='#' onClick='toggleBox("stack-trace510063093", this, "Click to show all stack frames", "Click to hide stack frames")'>Click to show all stack frames</a>
<div class='stack-trace' id='stack-trace510063093'><pre>java.lang.AssertionError: Unknown Environment :breakfix
	at org.testng.Assert.fail(Assert.java:94)
	at com.web.automation.utilities.ConfigManager.UpdateProperties(ConfigManager.java:103)
	at com.web.automation.accelerators.TestEngineWeb.beforeClass(TestEngineWeb.java:822)
	at sun.reflect.NativeMethodAccessorImpl.invoke0(Native Method)
	at sun.reflect.NativeMethodAccessorImpl.invoke(Unknown Source)
	at sun.reflect.DelegatingMethodAccessorImpl.invoke(Unknown Source)
	at java.lang.reflect.Method.invoke(Unknown Source)
	at org.testng.internal.MethodInvocationHelper.invokeMethod(MethodInvocationHelper.java:86)
	at org.testng.internal.Invoker.invokeConfigurationMethod(Invoker.java:514)
	at org.testng.internal.Invoker.invokeConfigurations(Invoker.java:215)
	at org.testng.internal.Invoker.invokeConfigurations(Invoker.java:142)
	at org.testng.internal.TestMethodWorker.invokeBeforeClassMethods(TestMethodWorker.java:178)
	at org.testng.internal.TestMethodWorker.run(TestMethodWorker.java:108)
	at org.testng.TestRunner.privateRun(TestRunner.java:782)
	at org.testng.TestRunner.run(TestRunner.java:632)
	at org.testng.SuiteRunner.runTest(SuiteRunner.java:366)
	at org.testng.SuiteRunner.runSequentially(SuiteRunner.java:361)
	at org.testng.SuiteRunner.privateRun(SuiteRunner.java:319)
	at org.testng.SuiteRunner.run(SuiteRunner.java:268)
	at org.testng.SuiteRunnerWorker.runSuite(SuiteRunnerWorker.java:52)
	at org.testng.SuiteRunnerWorker.run(SuiteRunnerWorker.java:86)
	at org.testng.TestNG.runSuitesSequentially(TestNG.java:1244)
	at org.testng.TestNG.runSuitesLocally(TestNG.java:1169)
	at org.testng.TestNG.run(TestNG.java:1064)
	at org.testng.remote.AbstractRemoteTestNG.run(AbstractRemoteTestNG.java:115)
	at org.testng.remote.RemoteTestNG.initAndRun(RemoteTestNG.java:251)
	at org.testng.remote.RemoteTestNG.main(RemoteTestNG.java:77)
</pre></div></td>
<td>0</td>
<<<<<<< HEAD
<td>com.web.HybrisAutomation.ReservationScripts.Hybris_Reservations_BiWeeklyPricing_SkipPayfone_SkipIDV_PromoApplied_Paypal@74f0ea28</td></tr>
=======
<td>com.web.HybrisAutomation.ReservationScripts.Hybris_Reservations_MonthlyPricing@74fe5c40</td></tr>
>>>>>>> Dev
</table><p>
<table width='100%' border='1' class='invocation-skipped'>
<tr><td colspan='4' align='center'><b>SKIPPED TESTS</b></td></tr>
<tr><td><b>Test method</b></td>
<td width="30%"><b>Exception</b></td>
<td width="10%"><b>Time (seconds)</b></td>
<td><b>Instance</b></td>
</tr>
<tr>
<<<<<<< HEAD
<td title='com.web.HybrisAutomation.ReservationScripts.Hybris_Reservations_BiWeeklyPricing_SkipPayfone_SkipIDV_PromoApplied_Paypal.Hybris_Reservations_BiWeeklyPricing_PromoApplied_SkipPayfone_SkipIDV_PaypalTest()'><b>Hybris_Reservations_BiWeeklyPricing_PromoApplied_SkipPayfone_SkipIDV_PaypalTest</b><br>Test class: com.web.HybrisAutomation.ReservationScripts.Hybris_Reservations_BiWeeklyPricing_SkipPayfone_SkipIDV_PromoApplied_Paypal</td>
<td></td>
<td>0</td>
<td>com.web.HybrisAutomation.ReservationScripts.Hybris_Reservations_BiWeeklyPricing_SkipPayfone_SkipIDV_PromoApplied_Paypal@74f0ea28</td></tr>
=======
<td title='com.web.HybrisAutomation.ReservationScripts.Hybris_Reservations_MonthlyPricing.Hybris_Reservations_MonthlyPricing_Test()'><b>Hybris_Reservations_MonthlyPricing_Test</b><br>Test class: com.web.HybrisAutomation.ReservationScripts.Hybris_Reservations_MonthlyPricing</td>
<td></td>
<td>0</td>
<td>com.web.HybrisAutomation.ReservationScripts.Hybris_Reservations_MonthlyPricing@74fe5c40</td></tr>
>>>>>>> Dev
</table><p>
</body>
</html>