<?xml version="1.0" encoding="UTF-8"?>
<testng-results skipped="0" failed="1" total="1" passed="0">
  <reporter-output>
    <line>
      <![CDATA[About to begin executing Suite :- Selenium-Automation]]>
    </line>
    <line>
      <![CDATA[About to begin executing method :- TestEngineWeb.beforeSuite]]>
    </line>
    <line>
      <![CDATA[Completed executing method  :- TestEngineWeb.beforeSuite]]>
    </line>
    <line>
      <![CDATA[About to begin executing Test :- Test-mobile-native]]>
    </line>
    <line>
      <![CDATA[About to begin executing method :- TestEngineWeb.beforeTest]]>
    </line>
    <line>
      <![CDATA[Completed executing method  :- TestEngineWeb.beforeTest]]>
    </line>
    <line>
      <![CDATA[About to begin executing method :- TestEngineWeb.beforeClass]]>
    </line>
    <line>
      <![CDATA[Completed executing method  :- TestEngineWeb.beforeClass]]>
    </line>
    <line>
      <![CDATA[About to begin executing method :- TestEngineWeb.beforeMethod]]>
    </line>
    <line>
      <![CDATA[Completed executing method  :- TestEngineWeb.beforeMethod]]>
    </line>
    <line>
      <![CDATA[About to begin executing method :- Hybris_Checkouts_WeeklyPricing_SkipPayfone.beforeMethod]]>
    </line>
    <line>
      <![CDATA[Completed executing method  :- Hybris_Checkouts_WeeklyPricing_SkipPayfone.beforeMethod]]>
    </line>
    <line>
      <![CDATA[About to begin Test :- Hybris_Reservations_WeeklyPricing_SkipPayfonenIDV_Test]]>
    </line>
    <line>
      <![CDATA[About to begin executing method :- Hybris_Checkouts_WeeklyPricing_SkipPayfone.Hybris_Reservations_WeeklyPricing_SkipPayfonenIDV_Test]]>
    </line>
    <line>
      <![CDATA[Completed executing method  :- Hybris_Checkouts_WeeklyPricing_SkipPayfone.Hybris_Reservations_WeeklyPricing_SkipPayfonenIDV_Test]]>
    </line>
    <line>
      <![CDATA[About to begin executing method :- TestEngineWeb.afterMethod]]>
    </line>
    <line>
      <![CDATA[Completed executing method  :- TestEngineWeb.afterMethod]]>
    </line>
    <line>
      <![CDATA[About to begin executing method :- TestEngineWeb.afterClass]]>
    </line>
    <line>
      <![CDATA[Completed executing method  :- TestEngineWeb.afterClass]]>
    </line>
    <line>
      <![CDATA[About to begin executing method :- TestEngineWeb.afterTest]]>
    </line>
    <line>
      <![CDATA[Completed executing method  :- TestEngineWeb.afterTest]]>
    </line>
    <line>
      <![CDATA[About to begin executing method :- TestEngineWeb.afterSuite]]>
    </line>
    <line>
      <![CDATA[Completed executing method  :- TestEngineWeb.afterSuite]]>
    </line>
  </reporter-output>
  <suite name="Selenium-Automation" duration-ms="417078" started-at="2021-04-14T06:04:42Z" finished-at="2021-04-14T06:11:40Z">
    <groups>
      <group name="regression">
        <method signature="Hybris_Checkouts_WeeklyPricing_SkipPayfone.Hybris_Reservations_WeeklyPricing_SkipPayfonenIDV_Test()[pri:0, instance:com.web.HybrisAutomation.CheckoutScripts.Hybris_Checkouts_WeeklyPricing_SkipPayfone@43826ec]" name="Hybris_Reservations_WeeklyPricing_SkipPayfonenIDV_Test" class="com.web.HybrisAutomation.CheckoutScripts.Hybris_Checkouts_WeeklyPricing_SkipPayfone"/>
      </group> <!-- regression -->
      <group name="smoke">
        <method signature="Hybris_Checkouts_WeeklyPricing_SkipPayfone.Hybris_Reservations_WeeklyPricing_SkipPayfonenIDV_Test()[pri:0, instance:com.web.HybrisAutomation.CheckoutScripts.Hybris_Checkouts_WeeklyPricing_SkipPayfone@43826ec]" name="Hybris_Reservations_WeeklyPricing_SkipPayfonenIDV_Test" class="com.web.HybrisAutomation.CheckoutScripts.Hybris_Checkouts_WeeklyPricing_SkipPayfone"/>
      </group> <!-- smoke -->
    </groups>
    <test name="Test-mobile-native" duration-ms="417078" started-at="2021-04-14T06:04:42Z" finished-at="2021-04-14T06:11:40Z">
      <class name="com.web.HybrisAutomation.CheckoutScripts.Hybris_Checkouts_WeeklyPricing_SkipPayfone">
        <test-method status="PASS" signature="beforeSuite(org.testng.ITestContext)[pri:0, instance:com.web.HybrisAutomation.CheckoutScripts.Hybris_Checkouts_WeeklyPricing_SkipPayfone@43826ec]" name="beforeSuite" is-config="true" duration-ms="31" started-at="2021-04-14T11:34:42Z" finished-at="2021-04-14T11:34:42Z">
          <params>
            <param index="0">
              <value>
                <![CDATA[org.testng.TestRunner@566d0c69]]>
              </value>
            </param>
          </params>
          <reporter-output>
            <line>
              <![CDATA[Completed executing method  :- TestEngineWeb.beforeSuite]]>
            </line>
          </reporter-output>
        </test-method> <!-- beforeSuite -->
        <test-method status="PASS" signature="beforeTest(org.testng.ITestContext)[pri:0, instance:com.web.HybrisAutomation.CheckoutScripts.Hybris_Checkouts_WeeklyPricing_SkipPayfone@43826ec]" name="beforeTest" is-config="true" duration-ms="1597" started-at="2021-04-14T11:34:42Z" finished-at="2021-04-14T11:34:44Z">
          <params>
            <param index="0">
              <value>
                <![CDATA[org.testng.TestRunner@566d0c69]]>
              </value>
            </param>
          </params>
          <reporter-output>
            <line>
              <![CDATA[Completed executing method  :- TestEngineWeb.beforeTest]]>
            </line>
          </reporter-output>
        </test-method> <!-- beforeTest -->
        <test-method status="PASS" signature="beforeClass()[pri:0, instance:com.web.HybrisAutomation.CheckoutScripts.Hybris_Checkouts_WeeklyPricing_SkipPayfone@43826ec]" name="beforeClass" is-config="true" duration-ms="4305" started-at="2021-04-14T11:34:44Z" finished-at="2021-04-14T11:34:48Z">
          <reporter-output>
            <line>
              <![CDATA[Completed executing method  :- TestEngineWeb.beforeClass]]>
            </line>
          </reporter-output>
        </test-method> <!-- beforeClass -->
        <test-method status="PASS" signature="beforeMethod(java.lang.reflect.Method)[pri:0, instance:com.web.HybrisAutomation.CheckoutScripts.Hybris_Checkouts_WeeklyPricing_SkipPayfone@43826ec]" name="beforeMethod" is-config="true" duration-ms="205" started-at="2021-04-14T11:34:48Z" finished-at="2021-04-14T11:34:49Z">
          <params>
            <param index="0">
              <value>
                <![CDATA[public void com.web.HybrisAutomation.CheckoutScripts.Hybris_Checkouts_WeeklyPricing_SkipPayfone.Hybris_Reservations_WeeklyPricing_SkipPayfonenIDV_Test() throws java.lang.Throwable]]>
              </value>
            </param>
          </params>
          <reporter-output>
            <line>
              <![CDATA[Completed executing method  :- TestEngineWeb.beforeMethod]]>
            </line>
          </reporter-output>
        </test-method> <!-- beforeMethod -->
        <test-method status="PASS" signature="beforeMethod()[pri:0, instance:com.web.HybrisAutomation.CheckoutScripts.Hybris_Checkouts_WeeklyPricing_SkipPayfone@43826ec]" name="beforeMethod" is-config="true" duration-ms="1169" started-at="2021-04-14T11:34:49Z" finished-at="2021-04-14T11:34:50Z">
          <reporter-output>
            <line>
              <![CDATA[Completed executing method  :- Hybris_Checkouts_WeeklyPricing_SkipPayfone.beforeMethod]]>
            </line>
          </reporter-output>
        </test-method> <!-- beforeMethod -->
        <test-method status="FAIL" signature="Hybris_Reservations_WeeklyPricing_SkipPayfonenIDV_Test()[pri:0, instance:com.web.HybrisAutomation.CheckoutScripts.Hybris_Checkouts_WeeklyPricing_SkipPayfone@43826ec]" name="Hybris_Reservations_WeeklyPricing_SkipPayfonenIDV_Test" duration-ms="366993" started-at="2021-04-14T11:34:50Z" finished-at="2021-04-14T11:40:57Z">
          <exception class="org.openqa.selenium.NoSuchElementException">
            <message>
              <![CDATA[no such element: Unable to locate element: {"method":"xpath","selector":"//button[contains(@id,'tab-form-element')]"}
  (Session info: chrome=89.0.4389.114)
  (Driver info: chromedriver=2.44.609538 (b655c5a60b0b544917107a59d4153d4bf78e1b90),platform=Windows NT 10.0.10240 x86_64) (WARNING: The server did not provide any stacktrace information)
Command duration or timeout: 60.05 seconds
For documentation on this error, please visit: http://seleniumhq.org/exceptions/no_such_element.html
Build info: version: '3.3.1', revision: '5234b325d5', time: '2017-03-10 09:10:29 +0000'
System info: host: 'DT000547', ip: '192.168.1.8', os.name: 'Windows 10', os.arch: 'amd64', os.version: '10.0', java.version: '1.8.0_192'
Driver info: org.openqa.selenium.chrome.ChromeDriver
Capabilities [{mobileEmulationEnabled=false, hasTouchScreen=false, platform=XP, acceptSslCerts=false, goog:chromeOptions={debuggerAddress=localhost:51915}, acceptInsecureCerts=false, webStorageEnabled=true, browserName=chrome, takesScreenshot=true, javascriptEnabled=true, setWindowRect=true, unexpectedAlertBehaviour=ignore, applicationCacheEnabled=false, rotatable=false, networkConnectionEnabled=false, chrome={chromedriverVersion=2.44.609538 (b655c5a60b0b544917107a59d4153d4bf78e1b90), userDataDir=C:\Users\e005070\AppData\Local\Temp\scoped_dir14864_9778}, takesHeapSnapshot=true, pageLoadStrategy=normal, databaseEnabled=false, handlesAlerts=true, version=89.0.4389.114, browserConnectionEnabled=false, nativeEvents=true, locationContextEnabled=true, cssSelectorsEnabled=true}]
Session ID: 1f90f05e550f8080ace812781e8c4e33
*** Element info: {Using=xpath, value=//button[contains(@id,'tab-form-element')]}]]>
            </message>
            <full-stacktrace>
              <![CDATA[org.openqa.selenium.NoSuchElementException: no such element: Unable to locate element: {"method":"xpath","selector":"//button[contains(@id,'tab-form-element')]"}
  (Session info: chrome=89.0.4389.114)
  (Driver info: chromedriver=2.44.609538 (b655c5a60b0b544917107a59d4153d4bf78e1b90),platform=Windows NT 10.0.10240 x86_64) (WARNING: The server did not provide any stacktrace information)
Command duration or timeout: 60.05 seconds
For documentation on this error, please visit: http://seleniumhq.org/exceptions/no_such_element.html
Build info: version: '3.3.1', revision: '5234b325d5', time: '2017-03-10 09:10:29 +0000'
System info: host: 'DT000547', ip: '192.168.1.8', os.name: 'Windows 10', os.arch: 'amd64', os.version: '10.0', java.version: '1.8.0_192'
Driver info: org.openqa.selenium.chrome.ChromeDriver
Capabilities [{mobileEmulationEnabled=false, hasTouchScreen=false, platform=XP, acceptSslCerts=false, goog:chromeOptions={debuggerAddress=localhost:51915}, acceptInsecureCerts=false, webStorageEnabled=true, browserName=chrome, takesScreenshot=true, javascriptEnabled=true, setWindowRect=true, unexpectedAlertBehaviour=ignore, applicationCacheEnabled=false, rotatable=false, networkConnectionEnabled=false, chrome={chromedriverVersion=2.44.609538 (b655c5a60b0b544917107a59d4153d4bf78e1b90), userDataDir=C:\Users\e005070\AppData\Local\Temp\scoped_dir14864_9778}, takesHeapSnapshot=true, pageLoadStrategy=normal, databaseEnabled=false, handlesAlerts=true, version=89.0.4389.114, browserConnectionEnabled=false, nativeEvents=true, locationContextEnabled=true, cssSelectorsEnabled=true}]
Session ID: 1f90f05e550f8080ace812781e8c4e33
*** Element info: {Using=xpath, value=//button[contains(@id,'tab-form-element')]}
	at sun.reflect.NativeConstructorAccessorImpl.newInstance0(Native Method)
	at sun.reflect.NativeConstructorAccessorImpl.newInstance(Unknown Source)
	at sun.reflect.DelegatingConstructorAccessorImpl.newInstance(Unknown Source)
	at java.lang.reflect.Constructor.newInstance(Unknown Source)
	at org.openqa.selenium.remote.ErrorHandler.createThrowable(ErrorHandler.java:206)
	at org.openqa.selenium.remote.ErrorHandler.throwIfResponseFailed(ErrorHandler.java:158)
	at org.openqa.selenium.remote.RemoteWebDriver.execute(RemoteWebDriver.java:683)
	at org.openqa.selenium.remote.RemoteWebDriver.findElement(RemoteWebDriver.java:377)
	at org.openqa.selenium.remote.RemoteWebDriver.findElementByXPath(RemoteWebDriver.java:506)
	at org.openqa.selenium.By$ByXPath.findElement(By.java:361)
	at org.openqa.selenium.remote.RemoteWebDriver.findElement(RemoteWebDriver.java:369)
	at sun.reflect.GeneratedMethodAccessor2.invoke(Unknown Source)
	at sun.reflect.DelegatingMethodAccessorImpl.invoke(Unknown Source)
	at java.lang.reflect.Method.invoke(Unknown Source)
	at org.openqa.selenium.support.events.EventFiringWebDriver$2.invoke(EventFiringWebDriver.java:103)
	at com.sun.proxy.$Proxy13.findElement(Unknown Source)
	at com.web.automation.listeners.WebDriverListener.beforeFindBy(WebDriverListener.java:101)
	at sun.reflect.GeneratedMethodAccessor4.invoke(Unknown Source)
	at sun.reflect.DelegatingMethodAccessorImpl.invoke(Unknown Source)
	at java.lang.reflect.Method.invoke(Unknown Source)
	at org.openqa.selenium.support.events.EventFiringWebDriver$1.invoke(EventFiringWebDriver.java:80)
	at com.sun.proxy.$Proxy12.beforeFindBy(Unknown Source)
	at org.openqa.selenium.support.events.EventFiringWebDriver.findElements(EventFiringWebDriver.java:175)
	at com.web.HybrisAutomation.pages.HybrisIDVPage.acceptDocuSignAgreements(HybrisIDVPage.java:128)
	at com.web.HybrisAutomation.CheckoutScripts.Hybris_Checkouts_WeeklyPricing_SkipPayfone.Hybris_Reservations_WeeklyPricing_SkipPayfonenIDV_Test(Hybris_Checkouts_WeeklyPricing_SkipPayfone.java:149)
	at sun.reflect.NativeMethodAccessorImpl.invoke0(Native Method)
	at sun.reflect.NativeMethodAccessorImpl.invoke(Unknown Source)
	at sun.reflect.DelegatingMethodAccessorImpl.invoke(Unknown Source)
	at java.lang.reflect.Method.invoke(Unknown Source)
	at org.testng.internal.MethodInvocationHelper.invokeMethod(MethodInvocationHelper.java:86)
	at org.testng.internal.Invoker.invokeMethod(Invoker.java:643)
	at org.testng.internal.Invoker.invokeTestMethod(Invoker.java:820)
	at org.testng.internal.Invoker.invokeTestMethods(Invoker.java:1128)
	at org.testng.internal.TestMethodWorker.invokeTestMethods(TestMethodWorker.java:129)
	at org.testng.internal.TestMethodWorker.run(TestMethodWorker.java:112)
	at org.testng.TestRunner.privateRun(TestRunner.java:782)
	at org.testng.TestRunner.run(TestRunner.java:632)
	at org.testng.SuiteRunner.runTest(SuiteRunner.java:366)
	at org.testng.SuiteRunner.access$000(SuiteRunner.java:39)
	at org.testng.SuiteRunner$SuiteWorker.run(SuiteRunner.java:400)
	at org.testng.internal.thread.ThreadUtil$2.call(ThreadUtil.java:64)
	at java.util.concurrent.FutureTask.run(Unknown Source)
	at java.util.concurrent.ThreadPoolExecutor.runWorker(Unknown Source)
	at java.util.concurrent.ThreadPoolExecutor$Worker.run(Unknown Source)
	at java.lang.Thread.run(Unknown Source)
]]>
            </full-stacktrace>
          </exception> <!-- org.openqa.selenium.NoSuchElementException -->
          <reporter-output>
            <line>
              <![CDATA[Completed executing method  :- Hybris_Checkouts_WeeklyPricing_SkipPayfone.Hybris_Reservations_WeeklyPricing_SkipPayfonenIDV_Test]]>
            </line>
            <line>
              <![CDATA[About to begin executing method :- TestEngineWeb.afterMethod]]>
            </line>
          </reporter-output>
        </test-method> <!-- Hybris_Reservations_WeeklyPricing_SkipPayfonenIDV_Test -->
        <test-method status="PASS" signature="afterMethod(java.lang.reflect.Method, org.testng.ITestResult)[pri:0, instance:com.web.HybrisAutomation.CheckoutScripts.Hybris_Checkouts_WeeklyPricing_SkipPayfone@43826ec]" name="afterMethod" is-config="true" duration-ms="313" started-at="2021-04-14T11:40:57Z" finished-at="2021-04-14T11:40:57Z">
          <params>
            <param index="0">
              <value>
                <![CDATA[public void com.web.HybrisAutomation.CheckoutScripts.Hybris_Checkouts_WeeklyPricing_SkipPayfone.Hybris_Reservations_WeeklyPricing_SkipPayfonenIDV_Test() throws java.lang.Throwable]]>
              </value>
            </param>
            <param index="1">
              <value>
                <![CDATA[[TestResult name=Hybris_Reservations_WeeklyPricing_SkipPayfonenIDV_Test status=FAILURE method=Hybris_Checkouts_WeeklyPricing_SkipPayfone.Hybris_Reservations_WeeklyPricing_SkipPayfonenIDV_Test()[pri:0, instance:com.web.HybrisAutomation.CheckoutScripts.Hybris_Checkouts_WeeklyPricing_SkipPayfone@43826ec] output=Completed executing method  :- Hybris_Checkouts_WeeklyPricing_SkipPayfone.Hybris_Reservations_WeeklyPricing_SkipPayfonenIDV_Test]]]>
              </value>
            </param>
          </params>
          <reporter-output>
            <line>
              <![CDATA[Completed executing method  :- TestEngineWeb.afterMethod]]>
            </line>
          </reporter-output>
        </test-method> <!-- afterMethod -->
        <test-method status="PASS" signature="afterClass()[pri:0, instance:com.web.HybrisAutomation.CheckoutScripts.Hybris_Checkouts_WeeklyPricing_SkipPayfone@43826ec]" name="afterClass" is-config="true" duration-ms="42396" started-at="2021-04-14T11:40:57Z" finished-at="2021-04-14T11:41:39Z">
          <reporter-output>
            <line>
              <![CDATA[Completed executing method  :- TestEngineWeb.afterClass]]>
            </line>
          </reporter-output>
        </test-method> <!-- afterClass -->
        <test-method status="PASS" signature="afterTest()[pri:0, instance:com.web.HybrisAutomation.CheckoutScripts.Hybris_Checkouts_WeeklyPricing_SkipPayfone@43826ec]" name="afterTest" is-config="true" duration-ms="80" started-at="2021-04-14T11:41:39Z" finished-at="2021-04-14T11:41:40Z">
          <reporter-output>
            <line>
              <![CDATA[Completed executing method  :- TestEngineWeb.afterTest]]>
            </line>
          </reporter-output>
        </test-method> <!-- afterTest -->
        <test-method status="PASS" signature="afterSuite()[pri:0, instance:com.web.HybrisAutomation.CheckoutScripts.Hybris_Checkouts_WeeklyPricing_SkipPayfone@43826ec]" name="afterSuite" is-config="true" duration-ms="111" started-at="2021-04-14T11:41:40Z" finished-at="2021-04-14T11:41:40Z">
          <reporter-output>
            <line>
              <![CDATA[Completed executing method  :- TestEngineWeb.afterSuite]]>
            </line>
          </reporter-output>
        </test-method> <!-- afterSuite -->
      </class> <!-- com.web.HybrisAutomation.CheckoutScripts.Hybris_Checkouts_WeeklyPricing_SkipPayfone -->
    </test> <!-- Test-mobile-native -->
  </suite> <!-- Selenium-Automation -->
</testng-results>
